<?xml version="1.0" encoding="UTF-8"?>
<testsuite xmlns:xsi="http://www.w3.org/2001/XMLSchema-instance" xsi:noNamespaceSchemaLocation="https://maven.apache.org/surefire/maven-surefire-plugin/xsd/surefire-test-report.xsd" name="ua.lviv.iot.BarInventoryTest" time="0.106" tests="3" errors="0" skipped="0" failures="0">
  <properties>
[...]
</properties>
  <testcase name="testSortByWeight" classname="ua.lviv.iot.BarInventoryTest" time="0.056"/>
  <testcase name="testFindByPrice" classname="ua.lviv.iot.BarInventoryTest" time="0.008"/>
  <testcase name="testSortByPrice" classname="ua.lviv.iot.BarInventoryTest" time="0.005"/>
</testsuite>